  Scanning sources for module dependencies...
  grafiki.h
  Compiling...
  grafiki.h
  GRA_SEM4.cpp
C:\Users\miesz\Downloads\GRA_SEM4\GRA_SEM4\GRA_SEM4\tablica.h(82,1): warning C4267: 'initializing': conversion from 'size_t' to 'int', possible loss of data
C:\Users\miesz\Downloads\GRA_SEM4\GRA_SEM4\GRA_SEM4\saves.h(48,1): warning C4267: '=': conversion from 'size_t' to 'int', possible loss of data
C:\Users\miesz\Downloads\GRA_SEM4\GRA_SEM4\GRA_SEM4\GRA_SEM4.cpp(39,15): warning C4244: 'argument': conversion from 'time_t' to 'unsigned int', possible loss of data
C:\Users\miesz\Downloads\GRA_SEM4\GRA_SEM4\GRA_SEM4\GRA_SEM4.cpp(62,27): warning C4566: character represented by universal-character-name '\u017A' cannot be represented in the current code page (1252)
C:\Users\miesz\Downloads\GRA_SEM4\GRA_SEM4\GRA_SEM4\GRA_SEM4.cpp(166,68): warning C4244: 'argument': conversion from '_Ty' to 'float', possible loss of data
          with
          [
              _Ty=int
          ]
C:\Users\miesz\Downloads\GRA_SEM4\GRA_SEM4\GRA_SEM4\GRA_SEM4.cpp(166,52): warning C4244: 'argument': conversion from '_Ty' to 'float', possible loss of data
          with
          [
              _Ty=int
          ]
C:\Users\miesz\Downloads\GRA_SEM4\GRA_SEM4\GRA_SEM4\GRA_SEM4.cpp(178,30): warning C4566: character represented by universal-character-name '\u0142' cannot be represented in the current code page (1252)
C:\Users\miesz\Downloads\GRA_SEM4\GRA_SEM4\GRA_SEM4\GRA_SEM4.cpp(178,30): warning C4566: character represented by universal-character-name '\u017C' cannot be represented in the current code page (1252)
  Generating code
  Previous IOBJ not found, fall back to full compilation.
  All 1582 functions were compiled because no usable IPDB/IOBJ from previous compilation was found.
  Finished generating code
  GRA_SEM4.vcxproj -> C:\Users\miesz\Downloads\GRA_SEM4\GRA_SEM4\x64\Release\GRA_SEM4.exe
